
  .   ____          _            __ _ _
 /\\ / ___'_ __ _ _(_)_ __  __ _ \ \ \ \
( ( )\___ | '_ | '_| | '_ \/ _` | \ \ \ \
 \\/  ___)| |_)| | | | | || (_| |  ) ) ) )
  '  |____| .__|_| |_|_| |_\__, | / / / /
 =========|_|==============|___/=/_/_/_/

 :: Spring Boot ::                (v4.0.3)

2026-03-06T19:41:08.673+08:00  INFO 9476 --- [Gnosis] [  restartedMain] com.example.Gnosis.GnosisApplication     : Starting GnosisApplication using Java 25.0.1 with PID 9476 (C:\Users\Neil\Desktop\Gnosis-Academy\target\classes started by Neil in C:\Users\Neil\Desktop\Gnosis-Academy)
2026-03-06T19:41:08.676+08:00  INFO 9476 --- [Gnosis] [  restartedMain] com.example.Gnosis.GnosisApplication     : No active profile set, falling back to 1 default profile: "mysql"
2026-03-06T19:41:08.714+08:00  INFO 9476 --- [Gnosis] [  restartedMain] .e.DevToolsPropertyDefaultsPostProcessor : Devtools property defaults active! Set 'spring.devtools.add-properties' to 'false' to disable
2026-03-06T19:41:08.715+08:00  INFO 9476 --- [Gnosis] [  restartedMain] .e.DevToolsPropertyDefaultsPostProcessor : For additional web related logging consider setting the 'logging.level.web' property to 'DEBUG'
2026-03-06T19:41:09.192+08:00  INFO 9476 --- [Gnosis] [  restartedMain] .s.d.r.c.RepositoryConfigurationDelegate : Bootstrapping Spring Data JPA repositories in DEFAULT mode.
2026-03-06T19:41:09.231+08:00  INFO 9476 --- [Gnosis] [  restartedMain] .s.d.r.c.RepositoryConfigurationDelegate : Finished Spring Data repository scanning in 33 ms. Found 2 JPA repository interfaces.
2026-03-06T19:41:09.659+08:00  INFO 9476 --- [Gnosis] [  restartedMain] o.s.boot.tomcat.TomcatWebServer          : Tomcat initialized with port 8080 (http)
2026-03-06T19:41:09.670+08:00  INFO 9476 --- [Gnosis] [  restartedMain] o.apache.catalina.core.StandardService   : Starting service [Tomcat]
2026-03-06T19:41:09.671+08:00  INFO 9476 --- [Gnosis] [  restartedMain] o.apache.catalina.core.StandardEngine    : Starting Servlet engine: [Apache Tomcat/11.0.18]
2026-03-06T19:41:09.710+08:00  INFO 9476 --- [Gnosis] [  restartedMain] b.w.c.s.WebApplicationContextInitializer : Root WebApplicationContext: initialization completed in 995 ms
2026-03-06T19:41:09.853+08:00  INFO 9476 --- [Gnosis] [  restartedMain] org.hibernate.orm.jpa                    : HHH008540: Processing PersistenceUnitInfo [name: default]
2026-03-06T19:41:09.892+08:00  INFO 9476 --- [Gnosis] [  restartedMain] org.hibernate.orm.core                   : HHH000001: Hibernate ORM core version 7.2.4.Final
2026-03-06T19:41:10.329+08:00  INFO 9476 --- [Gnosis] [  restartedMain] o.s.o.j.p.SpringPersistenceUnitInfo      : No LoadTimeWeaver setup: ignoring JPA class transformer
2026-03-06T19:41:10.356+08:00  INFO 9476 --- [Gnosis] [  restartedMain] com.zaxxer.hikari.HikariDataSource       : HikariPool-1 - Starting...
2026-03-06T19:41:10.475+08:00  INFO 9476 --- [Gnosis] [  restartedMain] com.zaxxer.hikari.pool.HikariPool        : HikariPool-1 - Added connection com.mysql.cj.jdbc.ConnectionImpl@1c412b72
2026-03-06T19:41:10.476+08:00  INFO 9476 --- [Gnosis] [  restartedMain] com.zaxxer.hikari.HikariDataSource       : HikariPool-1 - Start completed.
2026-03-06T19:41:10.513+08:00  WARN 9476 --- [Gnosis] [  restartedMain] org.hibernate.orm.core                   : HHH000511: The 5.5.5 version for [org.hibernate.dialect.MySQLDialect] is no longer supported, hence certain features may not work properly.The minimum supported version is 8.0.0. Check the community dialects project for available legacy versions.
2026-03-06T19:41:10.527+08:00  INFO 9476 --- [Gnosis] [  restartedMain] org.hibernate.orm.connections.pooling    : HHH10001005: Database info:
	Database JDBC URL [jdbc:mysql://localhost:3306/gnosis?createDatabaseIfNotExist=true&useSSL=false&allowPublicKeyRetrieval=true&serverTimezone=UTC]
	Database driver: MySQL Connector/J
	Database dialect: MySQLDialect
	Database version: 5.5.5
	Default catalog/schema: gnosis/undefined
	Autocommit mode: undefined/unknown
	Isolation level: REPEATABLE_READ [default REPEATABLE_READ]
	JDBC fetch size: none
	Pool: DataSourceConnectionProvider
	Minimum pool size: undefined/unknown
	Maximum pool size: undefined/unknown
2026-03-06T19:41:11.126+08:00  INFO 9476 --- [Gnosis] [  restartedMain] org.hibernate.orm.core                   : HHH000489: No JTA platform available (set 'hibernate.transaction.jta.platform' to enable JTA platform integration)
2026-03-06T19:41:11.168+08:00  INFO 9476 --- [Gnosis] [  restartedMain] j.LocalContainerEntityManagerFactoryBean : Initialized JPA EntityManagerFactory for persistence unit 'default'
2026-03-06T19:41:11.222+08:00  INFO 9476 --- [Gnosis] [  restartedMain] o.s.d.j.r.query.QueryEnhancerFactories   : Hibernate is in classpath; If applicable, HQL parser will be used.
2026-03-06T19:41:11.428+08:00  WARN 9476 --- [Gnosis] [  restartedMain] r$InitializeUserDetailsManagerConfigurer : Found 2 UserDetailsService beans, with names [professorIdUserDetailsService, studentIdUserDetailsService]. Global Authentication Manager will not use a UserDetailsService for username/password login. Consider publishing a single UserDetailsService bean.
2026-03-06T19:41:11.747+08:00  INFO 9476 --- [Gnosis] [  restartedMain] o.s.b.h.a.H2ConsoleAutoConfiguration     : H2 console available at '/h2-console'. Database available at 'jdbc:mysql://localhost:3306/gnosis?createDatabaseIfNotExist=true&useSSL=false&allowPublicKeyRetrieval=true&serverTimezone=UTC'
2026-03-06T19:41:11.781+08:00  INFO 9476 --- [Gnosis] [  restartedMain] o.s.boot.tomcat.TomcatWebServer          : Tomcat started on port 8080 (http) with context path '/'
2026-03-06T19:41:11.786+08:00  INFO 9476 --- [Gnosis] [  restartedMain] com.example.Gnosis.GnosisApplication     : Started GnosisApplication in 3.394 seconds (process running for 3.747)
